app/build/intermediates/manifest_merge_blame_file/debug/processDebugMainManifest/manifest-merger-blame-debug-report.txt
1<?xml version="1.0" encoding="utf-8"?>
2<manifest xmlns:android="http://schemas.android.com/apk/res/android"
3    package="com.eldroid.facelock"
4    android:versionCode="1"
5    android:versionName="1.0" >
6
7    <uses-sdk
8        android:minSdkVersion="24"
9        android:targetSdkVersion="34" />
10
11    <uses-permission android:name="android.permission.INTERNET" />
11-->src\main\AndroidManifest.xml:4:5-67
11-->src\main\AndroidManifest.xml:4:22-64
12    <uses-permission android:name="android.permission.ACCESS_NETWORK_STATE" />
12-->src\main\AndroidManifest.xml:5:5-79
12-->src\main\AndroidManifest.xml:5:22-76
13    <uses-permission android:name="android.permission.CAMERA" />
13-->src\main\AndroidManifest.xml:6:5-65
13-->src\main\AndroidManifest.xml:6:22-62
14    <uses-permission android:name="android.permission.POST_NOTIFICATIONS" />
14-->src\main\AndroidManifest.xml:7:5-77
14-->src\main\AndroidManifest.xml:7:22-74
15
16    <uses-feature
16-->src\main\AndroidManifest.xml:9:5-85
17        android:name="android.hardware.camera"
17-->src\main\AndroidManifest.xml:9:19-57
18        android:required="false" />
18-->src\main\AndroidManifest.xml:9:58-82
19
20    <uses-permission android:name="android.permission.WAKE_LOCK" /> <!-- Required by older versions of Google Play services to create IID tokens -->
20-->[com.google.firebase:firebase-messaging:24.0.0] AndroidManifest.xml:24:5-68
20-->[com.google.firebase:firebase-messaging:24.0.0] AndroidManifest.xml:24:22-65
21    <uses-permission android:name="com.google.android.c2dm.permission.RECEIVE" />
21-->[com.google.firebase:firebase-messaging:24.0.0] AndroidManifest.xml:26:5-82
21-->[com.google.firebase:firebase-messaging:24.0.0] AndroidManifest.xml:26:22-79
22
23    <permission
23-->[androidx.core:core:1.13.1] AndroidManifest.xml:22:5-24:47
24        android:name="com.eldroid.facelock.DYNAMIC_RECEIVER_NOT_EXPORTED_PERMISSION"
24-->[androidx.core:core:1.13.1] AndroidManifest.xml:23:9-81
25        android:protectionLevel="signature" />
25-->[androidx.core:core:1.13.1] AndroidManifest.xml:24:9-44
26
27    <uses-permission android:name="com.eldroid.facelock.DYNAMIC_RECEIVER_NOT_EXPORTED_PERMISSION" />
27-->[androidx.core:core:1.13.1] AndroidManifest.xml:26:5-97
27-->[androidx.core:core:1.13.1] AndroidManifest.xml:26:22-94
28    <uses-permission android:name="com.google.android.providers.gsf.permission.READ_GSERVICES" />
28-->[com.google.android.recaptcha:recaptcha:18.4.0] AndroidManifest.xml:9:5-98
28-->[com.google.android.recaptcha:recaptcha:18.4.0] AndroidManifest.xml:9:22-95
29
30    <application
30-->src\main\AndroidManifest.xml:11:5-60:19
31        android:name="com.eldroid.facelock.FaceLockApp"
31-->src\main\AndroidManifest.xml:12:9-36
32        android:allowBackup="false"
32-->src\main\AndroidManifest.xml:13:9-36
33        android:appComponentFactory="androidx.core.app.CoreComponentFactory"
33-->[androidx.core:core:1.13.1] AndroidManifest.xml:28:18-86
34        android:debuggable="true"
35        android:extractNativeLibs="false"
36        android:icon="@mipmap/ic_launcher"
36-->src\main\AndroidManifest.xml:14:9-43
37        android:label="@string/app_name"
37-->src\main\AndroidManifest.xml:15:9-41
38        android:roundIcon="@mipmap/ic_launcher_round"
38-->src\main\AndroidManifest.xml:16:9-54
39        android:supportsRtl="true"
39-->src\main\AndroidManifest.xml:17:9-35
40        android:testOnly="true"
41        android:theme="@style/Theme.FaceLock"
41-->src\main\AndroidManifest.xml:19:9-46
42        android:usesCleartextTraffic="false" >
42-->src\main\AndroidManifest.xml:18:9-45
43        <activity
43-->src\main\AndroidManifest.xml:21:9-29:20
44            android:name="com.eldroid.facelock.ui.auth.LoginActivity"
44-->src\main\AndroidManifest.xml:22:13-50
45            android:exported="true"
45-->src\main\AndroidManifest.xml:23:13-36
46            android:windowSoftInputMode="adjustResize" >
46-->src\main\AndroidManifest.xml:24:13-55
47            <intent-filter>
47-->src\main\AndroidManifest.xml:25:13-28:29
48                <action android:name="android.intent.action.MAIN" />
48-->src\main\AndroidManifest.xml:26:17-69
48-->src\main\AndroidManifest.xml:26:25-66
49
50                <category android:name="android.intent.category.LAUNCHER" />
50-->src\main\AndroidManifest.xml:27:17-77
50-->src\main\AndroidManifest.xml:27:27-74
51            </intent-filter>
52        </activity>
53        <activity
53-->src\main\AndroidManifest.xml:31:9-34:58
54            android:name="com.eldroid.facelock.ui.auth.RegisterActivity"
54-->src\main\AndroidManifest.xml:32:13-53
55            android:exported="false"
55-->src\main\AndroidManifest.xml:33:13-37
56            android:windowSoftInputMode="adjustResize" />
56-->src\main\AndroidManifest.xml:34:13-55
57        <activity
57-->src\main\AndroidManifest.xml:35:9-38:58
58            android:name="com.eldroid.facelock.ui.auth.ForgotPasswordActivity"
58-->src\main\AndroidManifest.xml:36:13-59
59            android:exported="false"
59-->src\main\AndroidManifest.xml:37:13-37
60            android:windowSoftInputMode="adjustResize" />
60-->src\main\AndroidManifest.xml:38:13-55
61        <activity
61-->src\main\AndroidManifest.xml:39:9-42:58
62            android:name="com.eldroid.facelock.ui.auth.ChangePasswordActivity"
62-->src\main\AndroidManifest.xml:40:13-59
63            android:exported="false"
63-->src\main\AndroidManifest.xml:41:13-37
64            android:windowSoftInputMode="adjustResize" />
64-->src\main\AndroidManifest.xml:42:13-55
65        <activity
65-->src\main\AndroidManifest.xml:43:9-85
66            android:name="com.eldroid.facelock.ui.admin.AdminActivity"
66-->src\main\AndroidManifest.xml:43:19-57
67            android:exported="false" />
67-->src\main\AndroidManifest.xml:43:58-82
68        <activity
68-->src\main\AndroidManifest.xml:44:9-88
69            android:name="com.eldroid.facelock.ui.admin.UserFormActivity"
69-->src\main\AndroidManifest.xml:44:19-60
70            android:exported="false" />
70-->src\main\AndroidManifest.xml:44:61-85
71        <activity
71-->src\main\AndroidManifest.xml:45:9-83
72            android:name="com.eldroid.facelock.ui.user.UserActivity"
72-->src\main\AndroidManifest.xml:45:19-55
73            android:exported="false" />
73-->src\main\AndroidManifest.xml:45:56-80
74        <activity
74-->src\main\AndroidManifest.xml:46:9-89
75            android:name="com.eldroid.facelock.ui.user.FaceEnrollActivity"
75-->src\main\AndroidManifest.xml:46:19-61
76            android:exported="false" />
76-->src\main\AndroidManifest.xml:46:62-86
77        <activity
77-->src\main\AndroidManifest.xml:47:9-86
78            android:name="com.eldroid.facelock.ui.user.ProfileActivity"
78-->src\main\AndroidManifest.xml:47:19-58
79            android:exported="false" />
79-->src\main\AndroidManifest.xml:47:59-83
80
81        <service
81-->src\main\AndroidManifest.xml:49:9-55:19
82            android:name="com.eldroid.facelock.util.FaceLockMessagingService"
82-->src\main\AndroidManifest.xml:50:13-58
83            android:exported="false" >
83-->src\main\AndroidManifest.xml:51:13-37
84            <intent-filter>
84-->src\main\AndroidManifest.xml:52:13-54:29
85                <action android:name="com.google.firebase.MESSAGING_EVENT" />
85-->src\main\AndroidManifest.xml:53:17-78
85-->src\main\AndroidManifest.xml:53:25-75
86            </intent-filter>
87        </service>
88
89        <meta-data
89-->src\main\AndroidManifest.xml:57:9-59:71
90            android:name="com.google.firebase.messaging.default_notification_channel_id"
90-->src\main\AndroidManifest.xml:58:13-89
91            android:value="@string/default_notification_channel_id" />
91-->src\main\AndroidManifest.xml:59:13-68
92
93        <service
93-->[androidx.camera:camera-camera2:1.3.4] AndroidManifest.xml:24:9-33:19
94            android:name="androidx.camera.core.impl.MetadataHolderService"
94-->[androidx.camera:camera-camera2:1.3.4] AndroidManifest.xml:25:13-75
95            android:enabled="false"
95-->[androidx.camera:camera-camera2:1.3.4] AndroidManifest.xml:26:13-36
96            android:exported="false" >
96-->[androidx.camera:camera-camera2:1.3.4] AndroidManifest.xml:27:13-37
97            <meta-data
97-->[androidx.camera:camera-camera2:1.3.4] AndroidManifest.xml:30:13-32:89
98                android:name="androidx.camera.core.impl.MetadataHolderService.DEFAULT_CONFIG_PROVIDER"
98-->[androidx.camera:camera-camera2:1.3.4] AndroidManifest.xml:31:17-103
99                android:value="androidx.camera.camera2.Camera2Config$DefaultProvider" />
99-->[androidx.camera:camera-camera2:1.3.4] AndroidManifest.xml:32:17-86
100        </service>
101        <service
101-->[com.google.android.gms:play-services-mlkit-face-detection:17.1.0] AndroidManifest.xml:9:9-15:19
102            android:name="com.google.mlkit.common.internal.MlKitComponentDiscoveryService"
102-->[com.google.android.gms:play-services-mlkit-face-detection:17.1.0] AndroidManifest.xml:10:13-91
103            android:directBootAware="true"
103-->[com.google.mlkit:common:18.10.0] AndroidManifest.xml:17:13-43
104            android:exported="false" >
104-->[com.google.android.gms:play-services-mlkit-face-detection:17.1.0] AndroidManifest.xml:11:13-37
105            <meta-data
105-->[com.google.android.gms:play-services-mlkit-face-detection:17.1.0] AndroidManifest.xml:12:13-14:85
106                android:name="com.google.firebase.components:com.google.mlkit.vision.face.internal.FaceRegistrar"
106-->[com.google.android.gms:play-services-mlkit-face-detection:17.1.0] AndroidManifest.xml:13:17-114
107                android:value="com.google.firebase.components.ComponentRegistrar" />
107-->[com.google.android.gms:play-services-mlkit-face-detection:17.1.0] AndroidManifest.xml:14:17-82
108            <meta-data
108-->[com.google.mlkit:vision-common:17.2.0] AndroidManifest.xml:12:13-14:85
109                android:name="com.google.firebase.components:com.google.mlkit.vision.common.internal.VisionCommonRegistrar"
109-->[com.google.mlkit:vision-common:17.2.0] AndroidManifest.xml:13:17-124
110                android:value="com.google.firebase.components.ComponentRegistrar" />
110-->[com.google.mlkit:vision-common:17.2.0] AndroidManifest.xml:14:17-82
111            <meta-data
111-->[com.google.mlkit:common:18.10.0] AndroidManifest.xml:20:13-22:85
112                android:name="com.google.firebase.components:com.google.mlkit.common.internal.CommonComponentRegistrar"
112-->[com.google.mlkit:common:18.10.0] AndroidManifest.xml:21:17-120
113                android:value="com.google.firebase.components.ComponentRegistrar" />
113-->[com.google.mlkit:common:18.10.0] AndroidManifest.xml:22:17-82
114        </service>
115
116        <provider
116-->[com.google.mlkit:common:18.10.0] AndroidManifest.xml:9:9-13:38
117            android:name="com.google.mlkit.common.internal.MlKitInitProvider"
117-->[com.google.mlkit:common:18.10.0] AndroidManifest.xml:10:13-78
118            android:authorities="com.eldroid.facelock.mlkitinitprovider"
118-->[com.google.mlkit:common:18.10.0] AndroidManifest.xml:11:13-69
119            android:exported="false"
119-->[com.google.mlkit:common:18.10.0] AndroidManifest.xml:12:13-37
120            android:initOrder="99" />
120-->[com.google.mlkit:common:18.10.0] AndroidManifest.xml:13:13-35
121
122        <service
122-->[com.google.firebase:firebase-storage-ktx:21.0.0] AndroidManifest.xml:9:9-15:19
123            android:name="com.google.firebase.components.ComponentDiscoveryService"
123-->[com.google.firebase:firebase-storage-ktx:21.0.0] AndroidManifest.xml:10:13-84
124            android:directBootAware="true"
124-->[com.google.firebase:firebase-common:21.0.0] AndroidManifest.xml:32:13-43
125            android:exported="false" >
125-->[com.google.firebase:firebase-storage-ktx:21.0.0] AndroidManifest.xml:11:13-37
126            <meta-data
126-->[com.google.firebase:firebase-storage-ktx:21.0.0] AndroidManifest.xml:12:13-14:85
127                android:name="com.google.firebase.components:com.google.firebase.storage.ktx.FirebaseStorageLegacyRegistrar"
127-->[com.google.firebase:firebase-storage-ktx:21.0.0] AndroidManifest.xml:13:17-125
128                android:value="com.google.firebase.components.ComponentRegistrar" />
128-->[com.google.firebase:firebase-storage-ktx:21.0.0] AndroidManifest.xml:14:17-82
129            <meta-data
129-->[com.google.firebase:firebase-storage:21.0.0] AndroidManifest.xml:30:13-32:85
130                android:name="com.google.firebase.components:com.google.firebase.storage.FirebaseStorageKtxRegistrar"
130-->[com.google.firebase:firebase-storage:21.0.0] AndroidManifest.xml:31:17-118
131                android:value="com.google.firebase.components.ComponentRegistrar" />
131-->[com.google.firebase:firebase-storage:21.0.0] AndroidManifest.xml:32:17-82
132            <meta-data
132-->[com.google.firebase:firebase-storage:21.0.0] AndroidManifest.xml:33:13-35:85
133                android:name="com.google.firebase.components:com.google.firebase.storage.StorageRegistrar"
133-->[com.google.firebase:firebase-storage:21.0.0] AndroidManifest.xml:34:17-107
134                android:value="com.google.firebase.components.ComponentRegistrar" />
134-->[com.google.firebase:firebase-storage:21.0.0] AndroidManifest.xml:35:17-82
135            <meta-data
135-->[com.google.firebase:firebase-firestore-ktx:25.0.0] AndroidManifest.xml:12:13-14:85
136                android:name="com.google.firebase.components:com.google.firebase.firestore.ktx.FirebaseFirestoreLegacyRegistrar"
136-->[com.google.firebase:firebase-firestore-ktx:25.0.0] AndroidManifest.xml:13:17-129
137                android:value="com.google.firebase.components.ComponentRegistrar" />
137-->[com.google.firebase:firebase-firestore-ktx:25.0.0] AndroidManifest.xml:14:17-82
138            <meta-data
138-->[com.google.firebase:firebase-firestore:25.0.0] AndroidManifest.xml:17:13-19:85
139                android:name="com.google.firebase.components:com.google.firebase.firestore.FirebaseFirestoreKtxRegistrar"
139-->[com.google.firebase:firebase-firestore:25.0.0] AndroidManifest.xml:18:17-122
140                android:value="com.google.firebase.components.ComponentRegistrar" />
140-->[com.google.firebase:firebase-firestore:25.0.0] AndroidManifest.xml:19:17-82
141            <meta-data
141-->[com.google.firebase:firebase-firestore:25.0.0] AndroidManifest.xml:20:13-22:85
142                android:name="com.google.firebase.components:com.google.firebase.firestore.FirestoreRegistrar"
142-->[com.google.firebase:firebase-firestore:25.0.0] AndroidManifest.xml:21:17-111
143                android:value="com.google.firebase.components.ComponentRegistrar" />
143-->[com.google.firebase:firebase-firestore:25.0.0] AndroidManifest.xml:22:17-82
144            <meta-data
144-->[com.google.firebase:firebase-messaging-ktx:24.0.0] AndroidManifest.xml:26:13-28:85
145                android:name="com.google.firebase.components:com.google.firebase.messaging.ktx.FirebaseMessagingLegacyRegistrar"
145-->[com.google.firebase:firebase-messaging-ktx:24.0.0] AndroidManifest.xml:27:17-129
146                android:value="com.google.firebase.components.ComponentRegistrar" />
146-->[com.google.firebase:firebase-messaging-ktx:24.0.0] AndroidManifest.xml:28:17-82
147            <meta-data
147-->[com.google.firebase:firebase-messaging:24.0.0] AndroidManifest.xml:57:13-59:85
148                android:name="com.google.firebase.components:com.google.firebase.messaging.FirebaseMessagingKtxRegistrar"
148-->[com.google.firebase:firebase-messaging:24.0.0] AndroidManifest.xml:58:17-122
149                android:value="com.google.firebase.components.ComponentRegistrar" />
149-->[com.google.firebase:firebase-messaging:24.0.0] AndroidManifest.xml:59:17-82
150            <meta-data
150-->[com.google.firebase:firebase-messaging:24.0.0] AndroidManifest.xml:60:13-62:85
151                android:name="com.google.firebase.components:com.google.firebase.messaging.FirebaseMessagingRegistrar"
151-->[com.google.firebase:firebase-messaging:24.0.0] AndroidManifest.xml:61:17-119
152                android:value="com.google.firebase.components.ComponentRegistrar" />
152-->[com.google.firebase:firebase-messaging:24.0.0] AndroidManifest.xml:62:17-82
153            <meta-data
153-->[com.google.firebase:firebase-auth-ktx:23.0.0] AndroidManifest.xml:11:13-13:85
154                android:name="com.google.firebase.components:com.google.firebase.auth.ktx.FirebaseAuthLegacyRegistrar"
154-->[com.google.firebase:firebase-auth-ktx:23.0.0] AndroidManifest.xml:12:17-119
155                android:value="com.google.firebase.components.ComponentRegistrar" />
155-->[com.google.firebase:firebase-auth-ktx:23.0.0] AndroidManifest.xml:13:17-82
156            <meta-data
156-->[com.google.firebase:firebase-auth:23.0.0] AndroidManifest.xml:69:13-71:85
157                android:name="com.google.firebase.components:com.google.firebase.auth.FirebaseAuthRegistrar"
157-->[com.google.firebase:firebase-auth:23.0.0] AndroidManifest.xml:70:17-109
158                android:value="com.google.firebase.components.ComponentRegistrar" />
158-->[com.google.firebase:firebase-auth:23.0.0] AndroidManifest.xml:71:17-82
159            <meta-data
159-->[com.google.firebase:firebase-appcheck:18.0.0] AndroidManifest.xml:25:13-27:85
160                android:name="com.google.firebase.components:com.google.firebase.appcheck.FirebaseAppCheckKtxRegistrar"
160-->[com.google.firebase:firebase-appcheck:18.0.0] AndroidManifest.xml:26:17-120
161                android:value="com.google.firebase.components.ComponentRegistrar" />
161-->[com.google.firebase:firebase-appcheck:18.0.0] AndroidManifest.xml:27:17-82
162            <meta-data
162-->[com.google.firebase:firebase-appcheck:18.0.0] AndroidManifest.xml:28:13-30:85
163                android:name="com.google.firebase.components:com.google.firebase.appcheck.FirebaseAppCheckRegistrar"
163-->[com.google.firebase:firebase-appcheck:18.0.0] AndroidManifest.xml:29:17-117
164                android:value="com.google.firebase.components.ComponentRegistrar" />
164-->[com.google.firebase:firebase-appcheck:18.0.0] AndroidManifest.xml:30:17-82
165            <meta-data
165-->[com.google.firebase:firebase-installations:18.0.0] AndroidManifest.xml:15:13-17:85
166                android:name="com.google.firebase.components:com.google.firebase.installations.FirebaseInstallationsKtxRegistrar"
166-->[com.google.firebase:firebase-installations:18.0.0] AndroidManifest.xml:16:17-130
167                android:value="com.google.firebase.components.ComponentRegistrar" />
167-->[com.google.firebase:firebase-installations:18.0.0] AndroidManifest.xml:17:17-82
168            <meta-data
168-->[com.google.firebase:firebase-installations:18.0.0] AndroidManifest.xml:18:13-20:85
169                android:name="com.google.firebase.components:com.google.firebase.installations.FirebaseInstallationsRegistrar"
169-->[com.google.firebase:firebase-installations:18.0.0] AndroidManifest.xml:19:17-127
170                android:value="com.google.firebase.components.ComponentRegistrar" />
170-->[com.google.firebase:firebase-installations:18.0.0] AndroidManifest.xml:20:17-82
171            <meta-data
171-->[com.google.firebase:firebase-common-ktx:21.0.0] AndroidManifest.xml:12:13-14:85
172                android:name="com.google.firebase.components:com.google.firebase.ktx.FirebaseCommonLegacyRegistrar"
172-->[com.google.firebase:firebase-common-ktx:21.0.0] AndroidManifest.xml:13:17-116
173                android:value="com.google.firebase.components.ComponentRegistrar" />
173-->[com.google.firebase:firebase-common-ktx:21.0.0] AndroidManifest.xml:14:17-82
174            <meta-data
174-->[com.google.firebase:firebase-common:21.0.0] AndroidManifest.xml:35:13-37:85
175                android:name="com.google.firebase.components:com.google.firebase.FirebaseCommonKtxRegistrar"
175-->[com.google.firebase:firebase-common:21.0.0] AndroidManifest.xml:36:17-109
176                android:value="com.google.firebase.components.ComponentRegistrar" />
176-->[com.google.firebase:firebase-common:21.0.0] AndroidManifest.xml:37:17-82
177            <meta-data
177-->[com.google.firebase:firebase-datatransport:18.2.0] AndroidManifest.xml:25:13-27:85
178                android:name="com.google.firebase.components:com.google.firebase.datatransport.TransportRegistrar"
178-->[com.google.firebase:firebase-datatransport:18.2.0] AndroidManifest.xml:26:17-115
179                android:value="com.google.firebase.components.ComponentRegistrar" />
179-->[com.google.firebase:firebase-datatransport:18.2.0] AndroidManifest.xml:27:17-82
180        </service>
181
182        <receiver
182-->[com.google.firebase:firebase-messaging:24.0.0] AndroidManifest.xml:29:9-40:20
183            android:name="com.google.firebase.iid.FirebaseInstanceIdReceiver"
183-->[com.google.firebase:firebase-messaging:24.0.0] AndroidManifest.xml:30:13-78
184            android:exported="true"
184-->[com.google.firebase:firebase-messaging:24.0.0] AndroidManifest.xml:31:13-36
185            android:permission="com.google.android.c2dm.permission.SEND" >
185-->[com.google.firebase:firebase-messaging:24.0.0] AndroidManifest.xml:32:13-73
186            <intent-filter>
186-->[com.google.firebase:firebase-messaging:24.0.0] AndroidManifest.xml:33:13-35:29
187                <action android:name="com.google.android.c2dm.intent.RECEIVE" />
187-->[com.google.firebase:firebase-messaging:24.0.0] AndroidManifest.xml:34:17-81
187-->[com.google.firebase:firebase-messaging:24.0.0] AndroidManifest.xml:34:25-78
188            </intent-filter>
189
190            <meta-data
190-->[com.google.firebase:firebase-messaging:24.0.0] AndroidManifest.xml:37:13-39:40
191                android:name="com.google.android.gms.cloudmessaging.FINISHED_AFTER_HANDLED"
191-->[com.google.firebase:firebase-messaging:24.0.0] AndroidManifest.xml:38:17-92
192                android:value="true" />
192-->[com.google.firebase:firebase-messaging:24.0.0] AndroidManifest.xml:39:17-37
193        </receiver>
194        <!--
195             FirebaseMessagingService performs security checks at runtime,
196             but set to not exported to explicitly avoid allowing another app to call it.
197        -->
198        <service
198-->[com.google.firebase:firebase-messaging:24.0.0] AndroidManifest.xml:46:9-53:19
199            android:name="com.google.firebase.messaging.FirebaseMessagingService"
199-->[com.google.firebase:firebase-messaging:24.0.0] AndroidManifest.xml:47:13-82
200            android:directBootAware="true"
200-->[com.google.firebase:firebase-messaging:24.0.0] AndroidManifest.xml:48:13-43
201            android:exported="false" >
201-->[com.google.firebase:firebase-messaging:24.0.0] AndroidManifest.xml:49:13-37
202            <intent-filter android:priority="-500" >
202-->src\main\AndroidManifest.xml:52:13-54:29
203                <action android:name="com.google.firebase.MESSAGING_EVENT" />
203-->src\main\AndroidManifest.xml:53:17-78
203-->src\main\AndroidManifest.xml:53:25-75
204            </intent-filter>
205        </service>
206
207        <activity
207-->[com.google.firebase:firebase-auth:23.0.0] AndroidManifest.xml:29:9-46:20
208            android:name="com.google.firebase.auth.internal.GenericIdpActivity"
208-->[com.google.firebase:firebase-auth:23.0.0] AndroidManifest.xml:30:13-80
209            android:excludeFromRecents="true"
209-->[com.google.firebase:firebase-auth:23.0.0] AndroidManifest.xml:31:13-46
210            android:exported="true"
210-->[com.google.firebase:firebase-auth:23.0.0] AndroidManifest.xml:32:13-36
211            android:launchMode="singleTask"
211-->[com.google.firebase:firebase-auth:23.0.0] AndroidManifest.xml:33:13-44
212            android:theme="@android:style/Theme.Translucent.NoTitleBar" >
212-->[com.google.firebase:firebase-auth:23.0.0] AndroidManifest.xml:34:13-72
213            <intent-filter>
213-->[com.google.firebase:firebase-auth:23.0.0] AndroidManifest.xml:35:13-45:29
214                <action android:name="android.intent.action.VIEW" />
214-->[com.google.firebase:firebase-auth:23.0.0] AndroidManifest.xml:36:17-69
214-->[com.google.firebase:firebase-auth:23.0.0] AndroidManifest.xml:36:25-66
215
216                <category android:name="android.intent.category.DEFAULT" />
216-->[com.google.firebase:firebase-auth:23.0.0] AndroidManifest.xml:38:17-76
216-->[com.google.firebase:firebase-auth:23.0.0] AndroidManifest.xml:38:27-73
217                <category android:name="android.intent.category.BROWSABLE" />
217-->[com.google.firebase:firebase-auth:23.0.0] AndroidManifest.xml:39:17-78
217-->[com.google.firebase:firebase-auth:23.0.0] AndroidManifest.xml:39:27-75
218
219                <data
219-->[com.google.firebase:firebase-auth:23.0.0] AndroidManifest.xml:41:17-44:51
220                    android:host="firebase.auth"
220-->[com.google.firebase:firebase-auth:23.0.0] AndroidManifest.xml:42:21-49
221                    android:path="/"
221-->[com.google.firebase:firebase-auth:23.0.0] AndroidManifest.xml:43:21-37
222                    android:scheme="genericidp" />
222-->[com.google.firebase:firebase-auth:23.0.0] AndroidManifest.xml:44:21-48
223            </intent-filter>
224        </activity>
225        <activity
225-->[com.google.firebase:firebase-auth:23.0.0] AndroidManifest.xml:47:9-64:20
226            android:name="com.google.firebase.auth.internal.RecaptchaActivity"
226-->[com.google.firebase:firebase-auth:23.0.0] AndroidManifest.xml:48:13-79
227            android:excludeFromRecents="true"
227-->[com.google.firebase:firebase-auth:23.0.0] AndroidManifest.xml:49:13-46
228            android:exported="true"
228-->[com.google.firebase:firebase-auth:23.0.0] AndroidManifest.xml:50:13-36
229            android:launchMode="singleTask"
229-->[com.google.firebase:firebase-auth:23.0.0] AndroidManifest.xml:51:13-44
230            android:theme="@android:style/Theme.Translucent.NoTitleBar" >
230-->[com.google.firebase:firebase-auth:23.0.0] AndroidManifest.xml:52:13-72
231            <intent-filter>
231-->[com.google.firebase:firebase-auth:23.0.0] AndroidManifest.xml:53:13-63:29
232                <action android:name="android.intent.action.VIEW" />
232-->[com.google.firebase:firebase-auth:23.0.0] AndroidManifest.xml:36:17-69
232-->[com.google.firebase:firebase-auth:23.0.0] AndroidManifest.xml:36:25-66
233
234                <category android:name="android.intent.category.DEFAULT" />
234-->[com.google.firebase:firebase-auth:23.0.0] AndroidManifest.xml:38:17-76
234-->[com.google.firebase:firebase-auth:23.0.0] AndroidManifest.xml:38:27-73
235                <category android:name="android.intent.category.BROWSABLE" />
235-->[com.google.firebase:firebase-auth:23.0.0] AndroidManifest.xml:39:17-78
235-->[com.google.firebase:firebase-auth:23.0.0] AndroidManifest.xml:39:27-75
236
237                <data
237-->[com.google.firebase:firebase-auth:23.0.0] AndroidManifest.xml:41:17-44:51
238                    android:host="firebase.auth"
238-->[com.google.firebase:firebase-auth:23.0.0] AndroidManifest.xml:42:21-49
239                    android:path="/"
239-->[com.google.firebase:firebase-auth:23.0.0] AndroidManifest.xml:43:21-37
240                    android:scheme="recaptcha" />
240-->[com.google.firebase:firebase-auth:23.0.0] AndroidManifest.xml:44:21-48
241            </intent-filter>
242        </activity>
243
244        <service
244-->[androidx.credentials:credentials-play-services-auth:1.2.0-rc01] AndroidManifest.xml:24:9-32:19
245            android:name="androidx.credentials.playservices.CredentialProviderMetadataHolder"
245-->[androidx.credentials:credentials-play-services-auth:1.2.0-rc01] AndroidManifest.xml:25:13-94
246            android:enabled="true"
246-->[androidx.credentials:credentials-play-services-auth:1.2.0-rc01] AndroidManifest.xml:26:13-35
247            android:exported="false" >
247-->[androidx.credentials:credentials-play-services-auth:1.2.0-rc01] AndroidManifest.xml:27:13-37
248            <meta-data
248-->[androidx.credentials:credentials-play-services-auth:1.2.0-rc01] AndroidManifest.xml:29:13-31:104
249                android:name="androidx.credentials.CREDENTIAL_PROVIDER_KEY"
249-->[androidx.credentials:credentials-play-services-auth:1.2.0-rc01] AndroidManifest.xml:30:17-76
250                android:value="androidx.credentials.playservices.CredentialProviderPlayServicesImpl" />
250-->[androidx.credentials:credentials-play-services-auth:1.2.0-rc01] AndroidManifest.xml:31:17-101
251        </service>
252
253        <activity
253-->[androidx.credentials:credentials-play-services-auth:1.2.0-rc01] AndroidManifest.xml:34:9-41:20
254            android:name="androidx.credentials.playservices.HiddenActivity"
254-->[androidx.credentials:credentials-play-services-auth:1.2.0-rc01] AndroidManifest.xml:35:13-76
255            android:configChanges="orientation|screenSize|screenLayout|keyboardHidden"
255-->[androidx.credentials:credentials-play-services-auth:1.2.0-rc01] AndroidManifest.xml:36:13-87
256            android:enabled="true"
256-->[androidx.credentials:credentials-play-services-auth:1.2.0-rc01] AndroidManifest.xml:37:13-35
257            android:exported="false"
257-->[androidx.credentials:credentials-play-services-auth:1.2.0-rc01] AndroidManifest.xml:38:13-37
258            android:fitsSystemWindows="true"
258-->[androidx.credentials:credentials-play-services-auth:1.2.0-rc01] AndroidManifest.xml:39:13-45
259            android:theme="@style/Theme.Hidden" >
259-->[androidx.credentials:credentials-play-services-auth:1.2.0-rc01] AndroidManifest.xml:40:13-48
260        </activity>
261        <activity
261-->[com.google.android.gms:play-services-auth:20.7.0] AndroidManifest.xml:23:9-27:75
262            android:name="com.google.android.gms.auth.api.signin.internal.SignInHubActivity"